[2025-05-12 13:48:01Z INFO HostContext] No proxy settings were found based on environmental variables (http_proxy/https_proxy/HTTP_PROXY/HTTPS_PROXY)
[2025-05-12 13:48:01Z INFO HostContext] Well known directory 'Bin': 'C:\E\Semester 6\SCD\app\actions-runner\bin'
[2025-05-12 13:48:01Z INFO HostContext] Well known directory 'Root': 'C:\E\Semester 6\SCD\app\actions-runner'
[2025-05-12 13:48:01Z INFO HostContext] Well known config file 'Credentials': 'C:\E\Semester 6\SCD\app\actions-runner\.credentials'
[2025-05-12 13:48:02Z INFO HostContext] Well known directory 'Bin': 'C:\E\Semester 6\SCD\app\actions-runner\bin'
[2025-05-12 13:48:02Z INFO HostContext] Well known directory 'Root': 'C:\E\Semester 6\SCD\app\actions-runner'
[2025-05-12 13:48:02Z INFO HostContext] Well known config file 'Runner': 'C:\E\Semester 6\SCD\app\actions-runner\.runner'
[2025-05-12 13:48:02Z INFO Listener] Runner is built for Windows (X64) - win-x64.
[2025-05-12 13:48:02Z INFO Listener] RuntimeInformation: Microsoft Windows 10.0.22000.
[2025-05-12 13:48:02Z INFO Listener] Version: 2.308.0
[2025-05-12 13:48:02Z INFO Listener] Commit: 7f7ff150c6d2ee316c523be6325188853dfae45d
[2025-05-12 13:48:02Z INFO Listener] Culture: en-PK
[2025-05-12 13:48:02Z INFO Listener] UI Culture: en-US
[2025-05-12 13:48:02Z INFO HostContext] Well known directory 'Bin': 'C:\E\Semester 6\SCD\app\actions-runner\bin'
[2025-05-12 13:48:02Z INFO HostContext] Well known directory 'Root': 'C:\E\Semester 6\SCD\app\actions-runner'
[2025-05-12 13:48:02Z INFO Listener] Validating directory permissions for: 'C:\E\Semester 6\SCD\app\actions-runner'
[2025-05-12 13:48:02Z INFO CommandLineParser] Parse
[2025-05-12 13:48:02Z INFO CommandLineParser] Parsing 1 args
[2025-05-12 13:48:02Z INFO CommandLineParser] parsing argument
[2025-05-12 13:48:02Z INFO CommandLineParser] HasArgs: False
[2025-05-12 13:48:02Z INFO CommandLineParser] Adding Command: run
[2025-05-12 13:48:02Z INFO Listener] Arguments parsed
[2025-05-12 13:48:02Z INFO Runner] ExecuteCommand
[2025-05-12 13:48:02Z INFO ConfigurationStore] currentAssemblyLocation: C:\E\Semester 6\SCD\app\actions-runner\bin\Runner.Listener.dll
[2025-05-12 13:48:02Z INFO HostContext] Well known directory 'Bin': 'C:\E\Semester 6\SCD\app\actions-runner\bin'
[2025-05-12 13:48:02Z INFO ConfigurationStore] binPath: C:\E\Semester 6\SCD\app\actions-runner\bin
[2025-05-12 13:48:02Z INFO HostContext] Well known directory 'Bin': 'C:\E\Semester 6\SCD\app\actions-runner\bin'
[2025-05-12 13:48:02Z INFO HostContext] Well known directory 'Root': 'C:\E\Semester 6\SCD\app\actions-runner'
[2025-05-12 13:48:02Z INFO ConfigurationStore] RootFolder: C:\E\Semester 6\SCD\app\actions-runner
[2025-05-12 13:48:02Z INFO HostContext] Well known directory 'Bin': 'C:\E\Semester 6\SCD\app\actions-runner\bin'
[2025-05-12 13:48:02Z INFO HostContext] Well known directory 'Root': 'C:\E\Semester 6\SCD\app\actions-runner'
[2025-05-12 13:48:02Z INFO HostContext] Well known config file 'Runner': 'C:\E\Semester 6\SCD\app\actions-runner\.runner'
[2025-05-12 13:48:02Z INFO ConfigurationStore] ConfigFilePath: C:\E\Semester 6\SCD\app\actions-runner\.runner
[2025-05-12 13:48:02Z INFO HostContext] Well known directory 'Bin': 'C:\E\Semester 6\SCD\app\actions-runner\bin'
[2025-05-12 13:48:02Z INFO HostContext] Well known directory 'Root': 'C:\E\Semester 6\SCD\app\actions-runner'
[2025-05-12 13:48:02Z INFO HostContext] Well known config file 'Credentials': 'C:\E\Semester 6\SCD\app\actions-runner\.credentials'
[2025-05-12 13:48:02Z INFO ConfigurationStore] CredFilePath: C:\E\Semester 6\SCD\app\actions-runner\.credentials
[2025-05-12 13:48:02Z INFO HostContext] Well known directory 'Bin': 'C:\E\Semester 6\SCD\app\actions-runner\bin'
[2025-05-12 13:48:02Z INFO HostContext] Well known directory 'Root': 'C:\E\Semester 6\SCD\app\actions-runner'
[2025-05-12 13:48:02Z INFO HostContext] Well known config file 'MigratedCredentials': 'C:\E\Semester 6\SCD\app\actions-runner\.credentials_migrated'
[2025-05-12 13:48:02Z INFO ConfigurationStore] MigratedCredFilePath: C:\E\Semester 6\SCD\app\actions-runner\.credentials_migrated
[2025-05-12 13:48:02Z INFO HostContext] Well known directory 'Bin': 'C:\E\Semester 6\SCD\app\actions-runner\bin'
[2025-05-12 13:48:02Z INFO HostContext] Well known directory 'Root': 'C:\E\Semester 6\SCD\app\actions-runner'
[2025-05-12 13:48:02Z INFO HostContext] Well known config file 'Service': 'C:\E\Semester 6\SCD\app\actions-runner\.service'
[2025-05-12 13:48:02Z INFO ConfigurationStore] ServiceConfigFilePath: C:\E\Semester 6\SCD\app\actions-runner\.service
[2025-05-12 13:48:02Z INFO CommandSettings] Flag 'help': 'False'
[2025-05-12 13:48:02Z INFO CommandSettings] Flag 'version': 'False'
[2025-05-12 13:48:02Z INFO CommandSettings] Flag 'commit': 'False'
[2025-05-12 13:48:02Z INFO CommandSettings] Flag 'check': 'False'
[2025-05-12 13:48:02Z INFO CommandSettings] Command 'configure': 'False'
[2025-05-12 13:48:02Z INFO CommandSettings] Command 'remove': 'False'
[2025-05-12 13:48:02Z INFO CommandSettings] Command 'warmup': 'False'
[2025-05-12 13:48:02Z INFO ConfigurationManager] LoadSettings
[2025-05-12 13:48:02Z INFO ConfigurationStore] IsConfigured()
[2025-05-12 13:48:02Z INFO ConfigurationStore] IsConfigured: True
[2025-05-12 13:48:02Z INFO ConfigurationManager] Is configured: True
[2025-05-12 13:48:02Z INFO ConfigurationStore] Read setting file: 316 chars
[2025-05-12 13:48:02Z INFO ConfigurationManager] Settings Loaded
[2025-05-12 13:48:02Z INFO ConfigurationStore] IsServiceConfigured()
[2025-05-12 13:48:02Z INFO ConfigurationStore] IsServiceConfigured: False
[2025-05-12 13:48:02Z INFO CommandSettings] Command 'run': 'True'
[2025-05-12 13:48:02Z INFO ConfigurationStore] IsConfigured()
[2025-05-12 13:48:02Z INFO ConfigurationStore] IsConfigured: True
[2025-05-12 13:48:02Z INFO ConfigurationManager] Is configured: True
[2025-05-12 13:48:02Z INFO Runner] Could not parse the argument value '' for StartupType. Defaulting to Manual
[2025-05-12 13:48:02Z INFO Runner] Set runner startup type - Manual
[2025-05-12 13:48:02Z INFO CommandSettings] Flag 'once': 'False'
[2025-05-12 13:48:02Z INFO CommandSettings] Flag 'once': 'False'
[2025-05-12 13:48:02Z INFO Runner] RunAsync
[2025-05-12 13:48:02Z INFO ConfigurationManager] LoadSettings
[2025-05-12 13:48:02Z INFO ConfigurationStore] IsConfigured()
[2025-05-12 13:48:02Z INFO ConfigurationStore] IsConfigured: True
[2025-05-12 13:48:02Z INFO ConfigurationManager] Is configured: True
[2025-05-12 13:48:02Z INFO ConfigurationManager] Settings Loaded
[2025-05-12 13:48:02Z INFO MessageListener] {
  "AgentId": 3,
  "AgentName": "ALI-PC",
  "PoolId": 1,
  "PoolName": "Default",
  "ServerUrl": "https://pipelinesghubeus6.actions.githubusercontent.com/cPKrgR8Gnsd8oGWV6Gor06BfwQj6erBaQvMiSCSMW4VZSiQ3L5/",
  "GitHubUrl": "https://github.com/MuhammadAbdullahGhani/SCDProjectRepo",
  "WorkFolder": "_work"
}
[2025-05-12 13:48:02Z INFO MessageListener] Loading Credentials
[2025-05-12 13:48:02Z INFO ConfigurationStore] HasCredentials()
[2025-05-12 13:48:02Z INFO ConfigurationStore] stored True
[2025-05-12 13:48:02Z INFO CredentialManager] GetCredentialProvider
[2025-05-12 13:48:02Z INFO CredentialManager] Creating type OAuth
[2025-05-12 13:48:02Z INFO CredentialManager] Creating credential type: OAuth
[2025-05-12 13:48:02Z INFO HostContext] Well known directory 'Bin': 'C:\E\Semester 6\SCD\app\actions-runner\bin'
[2025-05-12 13:48:02Z INFO HostContext] Well known directory 'Root': 'C:\E\Semester 6\SCD\app\actions-runner'
[2025-05-12 13:48:02Z INFO HostContext] Well known config file 'RSACredentials': 'C:\E\Semester 6\SCD\app\actions-runner\.credentials_rsaparams'
[2025-05-12 13:48:02Z INFO RSAEncryptedFileKeyManager] Loading RSA key parameters from file C:\E\Semester 6\SCD\app\actions-runner\.credentials_rsaparams
[2025-05-12 13:48:02Z INFO MessageListener] Attempt to create session.
[2025-05-12 13:48:02Z INFO MessageListener] Connecting to the Runner Server...
[2025-05-12 13:48:02Z INFO RunnerServer] EstablishVssConnection
[2025-05-12 13:48:02Z INFO RunnerServer] Establish connection with 100 seconds timeout.
[2025-05-12 13:48:02Z INFO GitHubActionsService] Starting operation Location.GetConnectionData
[2025-05-12 13:48:02Z INFO RunnerServer] EstablishVssConnection
[2025-05-12 13:48:02Z INFO RunnerServer] Establish connection with 60 seconds timeout.
[2025-05-12 13:48:02Z INFO GitHubActionsService] Starting operation Location.GetConnectionData
[2025-05-12 13:48:02Z INFO RunnerServer] EstablishVssConnection
[2025-05-12 13:48:02Z INFO RunnerServer] Establish connection with 60 seconds timeout.
[2025-05-12 13:48:02Z INFO GitHubActionsService] Starting operation Location.GetConnectionData
[2025-05-12 13:48:03Z INFO GitHubActionsService] Finished operation Location.GetConnectionData
[2025-05-12 13:48:03Z INFO GitHubActionsService] Finished operation Location.GetConnectionData
[2025-05-12 13:48:03Z INFO GitHubActionsService] Finished operation Location.GetConnectionData
[2025-05-12 13:48:04Z INFO MessageListener] VssConnection created
[2025-05-12 13:48:04Z INFO Terminal] WRITE LINE: 
[2025-05-12 13:48:04Z INFO Terminal] WRITE LINE: 
[2025-05-12 13:48:04Z INFO RSAEncryptedFileKeyManager] Loading RSA key parameters from file C:\E\Semester 6\SCD\app\actions-runner\.credentials_rsaparams
[2025-05-12 13:48:04Z INFO RSAEncryptedFileKeyManager] Loading RSA key parameters from file C:\E\Semester 6\SCD\app\actions-runner\.credentials_rsaparams
[2025-05-12 13:48:05Z INFO GitHubActionsService] AAD Correlation ID for this token request: Unknown
[2025-05-12 13:48:06Z INFO MessageListener] Session created.
[2025-05-12 13:48:06Z INFO Terminal] WRITE LINE: Current runner version: '2.308.0'
[2025-05-12 13:48:06Z INFO Terminal] WRITE LINE: 2025-05-12 13:48:06Z: Listening for Jobs
[2025-05-12 13:48:06Z INFO JobDispatcher] Set runner/worker IPC timeout to 30 seconds.
[2025-05-12 13:52:27Z INFO Terminal] WRITE LINE: Exiting...
[2025-05-12 13:52:27Z INFO ConfigurationStore] IsServiceConfigured()
[2025-05-12 13:52:27Z INFO ConfigurationStore] IsServiceConfigured: False
[2025-05-12 13:52:27Z INFO HostContext] Runner will be shutdown for UserCancelled
[2025-05-12 13:52:27Z WARN GitHubActionsService] GET request to https://pipelinesghubeus6.actions.githubusercontent.com/cPKrgR8Gnsd8oGWV6Gor06BfwQj6erBaQvMiSCSMW4VZSiQ3L5/_apis/distributedtask/pools/1/messages?sessionId=01a85356-a76c-438d-940e-f7a0ddcf51c6&status=Online&runnerVersion=2.308.0 has been cancelled.
[2025-05-12 13:52:27Z INFO MessageListener] Get next message has been cancelled.
[2025-05-12 13:52:27Z INFO JobDispatcher] Shutting down JobDispatcher. Make sure all WorkerDispatcher has finished.
[2025-05-12 13:52:28Z INFO Listener] Runner execution been cancelled.
