[2025-05-12 13:38:42Z INFO HostContext] No proxy settings were found based on environmental variables (http_proxy/https_proxy/HTTP_PROXY/HTTPS_PROXY)
[2025-05-12 13:38:42Z INFO HostContext] Well known directory 'Bin': 'C:\E\Semester 6\SCD\app\actions-runner\bin'
[2025-05-12 13:38:42Z INFO HostContext] Well known directory 'Root': 'C:\E\Semester 6\SCD\app\actions-runner'
[2025-05-12 13:38:42Z INFO HostContext] Well known config file 'Credentials': 'C:\E\Semester 6\SCD\app\actions-runner\.credentials'
[2025-05-12 13:38:42Z INFO HostContext] Well known directory 'Bin': 'C:\E\Semester 6\SCD\app\actions-runner\bin'
[2025-05-12 13:38:42Z INFO HostContext] Well known directory 'Root': 'C:\E\Semester 6\SCD\app\actions-runner'
[2025-05-12 13:38:42Z INFO HostContext] Well known config file 'Runner': 'C:\E\Semester 6\SCD\app\actions-runner\.runner'
[2025-05-12 13:38:42Z INFO Listener] Runner is built for Windows (X64) - win-x64.
[2025-05-12 13:38:42Z INFO Listener] RuntimeInformation: Microsoft Windows 10.0.22000.
[2025-05-12 13:38:42Z INFO Listener] Version: 2.308.0
[2025-05-12 13:38:42Z INFO Listener] Commit: 7f7ff150c6d2ee316c523be6325188853dfae45d
[2025-05-12 13:38:42Z INFO Listener] Culture: en-PK
[2025-05-12 13:38:42Z INFO Listener] UI Culture: en-US
[2025-05-12 13:38:42Z INFO HostContext] Well known directory 'Bin': 'C:\E\Semester 6\SCD\app\actions-runner\bin'
[2025-05-12 13:38:42Z INFO HostContext] Well known directory 'Root': 'C:\E\Semester 6\SCD\app\actions-runner'
[2025-05-12 13:38:42Z INFO Listener] Validating directory permissions for: 'C:\E\Semester 6\SCD\app\actions-runner'
[2025-05-12 13:38:42Z INFO CommandLineParser] Parse
[2025-05-12 13:38:42Z INFO CommandLineParser] Parsing 1 args
[2025-05-12 13:38:42Z INFO CommandLineParser] parsing argument
[2025-05-12 13:38:42Z INFO CommandLineParser] HasArgs: False
[2025-05-12 13:38:42Z INFO CommandLineParser] Adding Command: remove
[2025-05-12 13:38:42Z INFO Listener] Arguments parsed
[2025-05-12 13:38:43Z INFO Runner] ExecuteCommand
[2025-05-12 13:38:43Z INFO ConfigurationStore] currentAssemblyLocation: C:\E\Semester 6\SCD\app\actions-runner\bin\Runner.Listener.dll
[2025-05-12 13:38:43Z INFO HostContext] Well known directory 'Bin': 'C:\E\Semester 6\SCD\app\actions-runner\bin'
[2025-05-12 13:38:43Z INFO ConfigurationStore] binPath: C:\E\Semester 6\SCD\app\actions-runner\bin
[2025-05-12 13:38:43Z INFO HostContext] Well known directory 'Bin': 'C:\E\Semester 6\SCD\app\actions-runner\bin'
[2025-05-12 13:38:43Z INFO HostContext] Well known directory 'Root': 'C:\E\Semester 6\SCD\app\actions-runner'
[2025-05-12 13:38:43Z INFO ConfigurationStore] RootFolder: C:\E\Semester 6\SCD\app\actions-runner
[2025-05-12 13:38:43Z INFO HostContext] Well known directory 'Bin': 'C:\E\Semester 6\SCD\app\actions-runner\bin'
[2025-05-12 13:38:43Z INFO HostContext] Well known directory 'Root': 'C:\E\Semester 6\SCD\app\actions-runner'
[2025-05-12 13:38:43Z INFO HostContext] Well known config file 'Runner': 'C:\E\Semester 6\SCD\app\actions-runner\.runner'
[2025-05-12 13:38:43Z INFO ConfigurationStore] ConfigFilePath: C:\E\Semester 6\SCD\app\actions-runner\.runner
[2025-05-12 13:38:43Z INFO HostContext] Well known directory 'Bin': 'C:\E\Semester 6\SCD\app\actions-runner\bin'
[2025-05-12 13:38:43Z INFO HostContext] Well known directory 'Root': 'C:\E\Semester 6\SCD\app\actions-runner'
[2025-05-12 13:38:43Z INFO HostContext] Well known config file 'Credentials': 'C:\E\Semester 6\SCD\app\actions-runner\.credentials'
[2025-05-12 13:38:43Z INFO ConfigurationStore] CredFilePath: C:\E\Semester 6\SCD\app\actions-runner\.credentials
[2025-05-12 13:38:43Z INFO HostContext] Well known directory 'Bin': 'C:\E\Semester 6\SCD\app\actions-runner\bin'
[2025-05-12 13:38:43Z INFO HostContext] Well known directory 'Root': 'C:\E\Semester 6\SCD\app\actions-runner'
[2025-05-12 13:38:43Z INFO HostContext] Well known config file 'MigratedCredentials': 'C:\E\Semester 6\SCD\app\actions-runner\.credentials_migrated'
[2025-05-12 13:38:43Z INFO ConfigurationStore] MigratedCredFilePath: C:\E\Semester 6\SCD\app\actions-runner\.credentials_migrated
[2025-05-12 13:38:43Z INFO HostContext] Well known directory 'Bin': 'C:\E\Semester 6\SCD\app\actions-runner\bin'
[2025-05-12 13:38:43Z INFO HostContext] Well known directory 'Root': 'C:\E\Semester 6\SCD\app\actions-runner'
[2025-05-12 13:38:43Z INFO HostContext] Well known config file 'Service': 'C:\E\Semester 6\SCD\app\actions-runner\.service'
[2025-05-12 13:38:43Z INFO ConfigurationStore] ServiceConfigFilePath: C:\E\Semester 6\SCD\app\actions-runner\.service
[2025-05-12 13:38:43Z INFO CommandSettings] Flag 'help': 'False'
[2025-05-12 13:38:43Z INFO CommandSettings] Flag 'version': 'False'
[2025-05-12 13:38:43Z INFO CommandSettings] Flag 'commit': 'False'
[2025-05-12 13:38:43Z INFO CommandSettings] Flag 'check': 'False'
[2025-05-12 13:38:43Z INFO CommandSettings] Command 'configure': 'False'
[2025-05-12 13:38:43Z INFO CommandSettings] Command 'remove': 'True'
[2025-05-12 13:38:43Z INFO CommandSettings] Flag 'local': 'False'
[2025-05-12 13:38:43Z INFO ConfigurationStore] IsServiceConfigured()
[2025-05-12 13:38:43Z INFO ConfigurationStore] IsServiceConfigured: False
[2025-05-12 13:38:43Z INFO ConfigurationStore] IsConfigured()
[2025-05-12 13:38:43Z INFO ConfigurationStore] IsConfigured: True
[2025-05-12 13:38:43Z INFO ConfigurationStore] HasCredentials()
[2025-05-12 13:38:43Z INFO ConfigurationStore] stored True
[2025-05-12 13:38:43Z INFO ConfigurationStore] Read setting file: 316 chars
[2025-05-12 13:38:43Z INFO CommandSettings] Arg 'token': ''
[2025-05-12 13:38:43Z INFO CommandSettings] Flag 'unattended': 'False'
[2025-05-12 13:38:43Z INFO PromptManager] ReadValue
[2025-05-12 13:38:43Z INFO Terminal] WRITE: Enter runner remove token: 
[2025-05-12 13:38:43Z INFO Terminal] READ SECRET
[2025-05-12 13:38:55Z INFO Terminal] Read value: '***'
[2025-05-12 13:38:56Z INFO ConfigurationManager] Http response code: OK from 'POST https://api.github.com/actions/runner-registration' (CBC0:1590F6:B22884:E921D0:6821F9F1)
[2025-05-12 13:38:56Z INFO ConfigurationManager] cred retrieved via GitHub auth
[2025-05-12 13:38:56Z INFO RunnerServer] EstablishVssConnection
[2025-05-12 13:38:56Z INFO RunnerServer] Establish connection with 100 seconds timeout.
[2025-05-12 13:38:57Z INFO GitHubActionsService] Starting operation Location.GetConnectionData
[2025-05-12 13:38:57Z INFO RunnerServer] EstablishVssConnection
[2025-05-12 13:38:57Z INFO RunnerServer] Establish connection with 60 seconds timeout.
[2025-05-12 13:38:57Z INFO GitHubActionsService] Starting operation Location.GetConnectionData
[2025-05-12 13:38:57Z INFO RunnerServer] EstablishVssConnection
[2025-05-12 13:38:57Z INFO RunnerServer] Establish connection with 60 seconds timeout.
[2025-05-12 13:38:57Z INFO GitHubActionsService] Starting operation Location.GetConnectionData
[2025-05-12 13:38:58Z INFO GitHubActionsService] Finished operation Location.GetConnectionData
[2025-05-12 13:38:58Z INFO GitHubActionsService] Finished operation Location.GetConnectionData
[2025-05-12 13:38:58Z INFO GitHubActionsService] Finished operation Location.GetConnectionData
[2025-05-12 13:38:59Z INFO Terminal] WRITE LINE: 
[2025-05-12 13:38:59Z INFO ConfigurationStore] IsConfigured()
[2025-05-12 13:38:59Z INFO ConfigurationStore] IsConfigured: True
[2025-05-12 13:38:59Z INFO ConfigurationStore] HasCredentials()
[2025-05-12 13:38:59Z INFO ConfigurationStore] stored True
[2025-05-12 13:38:59Z INFO HostContext] Well known directory 'Bin': 'C:\E\Semester 6\SCD\app\actions-runner\bin'
[2025-05-12 13:38:59Z INFO HostContext] Well known directory 'Root': 'C:\E\Semester 6\SCD\app\actions-runner'
[2025-05-12 13:38:59Z INFO HostContext] Well known config file 'RSACredentials': 'C:\E\Semester 6\SCD\app\actions-runner\.credentials_rsaparams'
[2025-05-12 13:38:59Z INFO RSAEncryptedFileKeyManager] Deleting RSA key parameters file C:\E\Semester 6\SCD\app\actions-runner\.credentials_rsaparams
[2025-05-12 13:38:59Z INFO Terminal] WRITE LINE: 
[2025-05-12 13:38:59Z INFO Listener] Runner execution has finished with return code 0
