[2025-05-12 13:40:05Z INFO HostContext] No proxy settings were found based on environmental variables (http_proxy/https_proxy/HTTP_PROXY/HTTPS_PROXY)
[2025-05-12 13:40:05Z INFO HostContext] Well known directory 'Bin': 'C:\E\Semester 6\SCD\app\actions-runner\bin'
[2025-05-12 13:40:05Z INFO HostContext] Well known directory 'Root': 'C:\E\Semester 6\SCD\app\actions-runner'
[2025-05-12 13:40:05Z INFO HostContext] Well known config file 'Credentials': 'C:\E\Semester 6\SCD\app\actions-runner\.credentials'
[2025-05-12 13:40:05Z INFO HostContext] Well known directory 'Bin': 'C:\E\Semester 6\SCD\app\actions-runner\bin'
[2025-05-12 13:40:05Z INFO HostContext] Well known directory 'Root': 'C:\E\Semester 6\SCD\app\actions-runner'
[2025-05-12 13:40:05Z INFO HostContext] Well known config file 'Runner': 'C:\E\Semester 6\SCD\app\actions-runner\.runner'
[2025-05-12 13:40:05Z INFO Listener] Runner is built for Windows (X64) - win-x64.
[2025-05-12 13:40:05Z INFO Listener] RuntimeInformation: Microsoft Windows 10.0.22000.
[2025-05-12 13:40:05Z INFO Listener] Version: 2.308.0
[2025-05-12 13:40:05Z INFO Listener] Commit: 7f7ff150c6d2ee316c523be6325188853dfae45d
[2025-05-12 13:40:05Z INFO Listener] Culture: en-PK
[2025-05-12 13:40:05Z INFO Listener] UI Culture: en-US
[2025-05-12 13:40:05Z INFO HostContext] Well known directory 'Bin': 'C:\E\Semester 6\SCD\app\actions-runner\bin'
[2025-05-12 13:40:05Z INFO HostContext] Well known directory 'Root': 'C:\E\Semester 6\SCD\app\actions-runner'
[2025-05-12 13:40:05Z INFO Listener] Validating directory permissions for: 'C:\E\Semester 6\SCD\app\actions-runner'
[2025-05-12 13:40:05Z INFO CommandLineParser] Parse
[2025-05-12 13:40:05Z INFO CommandLineParser] Parsing 1 args
[2025-05-12 13:40:05Z INFO CommandLineParser] parsing argument
[2025-05-12 13:40:05Z INFO CommandLineParser] HasArgs: False
[2025-05-12 13:40:05Z INFO CommandLineParser] Adding Command: run
[2025-05-12 13:40:05Z INFO Listener] Arguments parsed
[2025-05-12 13:40:05Z INFO Runner] ExecuteCommand
[2025-05-12 13:40:05Z INFO ConfigurationStore] currentAssemblyLocation: C:\E\Semester 6\SCD\app\actions-runner\bin\Runner.Listener.dll
[2025-05-12 13:40:05Z INFO HostContext] Well known directory 'Bin': 'C:\E\Semester 6\SCD\app\actions-runner\bin'
[2025-05-12 13:40:05Z INFO ConfigurationStore] binPath: C:\E\Semester 6\SCD\app\actions-runner\bin
[2025-05-12 13:40:05Z INFO HostContext] Well known directory 'Bin': 'C:\E\Semester 6\SCD\app\actions-runner\bin'
[2025-05-12 13:40:05Z INFO HostContext] Well known directory 'Root': 'C:\E\Semester 6\SCD\app\actions-runner'
[2025-05-12 13:40:05Z INFO ConfigurationStore] RootFolder: C:\E\Semester 6\SCD\app\actions-runner
[2025-05-12 13:40:05Z INFO HostContext] Well known directory 'Bin': 'C:\E\Semester 6\SCD\app\actions-runner\bin'
[2025-05-12 13:40:05Z INFO HostContext] Well known directory 'Root': 'C:\E\Semester 6\SCD\app\actions-runner'
[2025-05-12 13:40:05Z INFO HostContext] Well known config file 'Runner': 'C:\E\Semester 6\SCD\app\actions-runner\.runner'
[2025-05-12 13:40:05Z INFO ConfigurationStore] ConfigFilePath: C:\E\Semester 6\SCD\app\actions-runner\.runner
[2025-05-12 13:40:05Z INFO HostContext] Well known directory 'Bin': 'C:\E\Semester 6\SCD\app\actions-runner\bin'
[2025-05-12 13:40:05Z INFO HostContext] Well known directory 'Root': 'C:\E\Semester 6\SCD\app\actions-runner'
[2025-05-12 13:40:05Z INFO HostContext] Well known config file 'Credentials': 'C:\E\Semester 6\SCD\app\actions-runner\.credentials'
[2025-05-12 13:40:05Z INFO ConfigurationStore] CredFilePath: C:\E\Semester 6\SCD\app\actions-runner\.credentials
[2025-05-12 13:40:05Z INFO HostContext] Well known directory 'Bin': 'C:\E\Semester 6\SCD\app\actions-runner\bin'
[2025-05-12 13:40:05Z INFO HostContext] Well known directory 'Root': 'C:\E\Semester 6\SCD\app\actions-runner'
[2025-05-12 13:40:05Z INFO HostContext] Well known config file 'MigratedCredentials': 'C:\E\Semester 6\SCD\app\actions-runner\.credentials_migrated'
[2025-05-12 13:40:05Z INFO ConfigurationStore] MigratedCredFilePath: C:\E\Semester 6\SCD\app\actions-runner\.credentials_migrated
[2025-05-12 13:40:05Z INFO HostContext] Well known directory 'Bin': 'C:\E\Semester 6\SCD\app\actions-runner\bin'
[2025-05-12 13:40:05Z INFO HostContext] Well known directory 'Root': 'C:\E\Semester 6\SCD\app\actions-runner'
[2025-05-12 13:40:05Z INFO HostContext] Well known config file 'Service': 'C:\E\Semester 6\SCD\app\actions-runner\.service'
[2025-05-12 13:40:05Z INFO ConfigurationStore] ServiceConfigFilePath: C:\E\Semester 6\SCD\app\actions-runner\.service
[2025-05-12 13:40:05Z INFO CommandSettings] Flag 'help': 'False'
[2025-05-12 13:40:05Z INFO CommandSettings] Flag 'version': 'False'
[2025-05-12 13:40:05Z INFO CommandSettings] Flag 'commit': 'False'
[2025-05-12 13:40:05Z INFO CommandSettings] Flag 'check': 'False'
[2025-05-12 13:40:05Z INFO CommandSettings] Command 'configure': 'False'
[2025-05-12 13:40:05Z INFO CommandSettings] Command 'remove': 'False'
[2025-05-12 13:40:05Z INFO CommandSettings] Command 'warmup': 'False'
[2025-05-12 13:40:05Z INFO ConfigurationManager] LoadSettings
[2025-05-12 13:40:05Z INFO ConfigurationStore] IsConfigured()
[2025-05-12 13:40:05Z INFO ConfigurationStore] IsConfigured: True
[2025-05-12 13:40:05Z INFO ConfigurationManager] Is configured: True
[2025-05-12 13:40:05Z INFO ConfigurationStore] Read setting file: 316 chars
[2025-05-12 13:40:05Z INFO ConfigurationManager] Settings Loaded
[2025-05-12 13:40:05Z INFO ConfigurationStore] IsServiceConfigured()
[2025-05-12 13:40:05Z INFO ConfigurationStore] IsServiceConfigured: False
[2025-05-12 13:40:05Z INFO CommandSettings] Command 'run': 'True'
[2025-05-12 13:40:05Z INFO ConfigurationStore] IsConfigured()
[2025-05-12 13:40:05Z INFO ConfigurationStore] IsConfigured: True
[2025-05-12 13:40:05Z INFO ConfigurationManager] Is configured: True
[2025-05-12 13:40:05Z INFO Runner] Could not parse the argument value '' for StartupType. Defaulting to Manual
[2025-05-12 13:40:05Z INFO Runner] Set runner startup type - Manual
[2025-05-12 13:40:05Z INFO CommandSettings] Flag 'once': 'False'
[2025-05-12 13:40:05Z INFO CommandSettings] Flag 'once': 'False'
[2025-05-12 13:40:05Z INFO Runner] RunAsync
[2025-05-12 13:40:05Z INFO ConfigurationManager] LoadSettings
[2025-05-12 13:40:05Z INFO ConfigurationStore] IsConfigured()
[2025-05-12 13:40:05Z INFO ConfigurationStore] IsConfigured: True
[2025-05-12 13:40:05Z INFO ConfigurationManager] Is configured: True
[2025-05-12 13:40:05Z INFO ConfigurationManager] Settings Loaded
[2025-05-12 13:40:05Z INFO MessageListener] {
  "AgentId": 3,
  "AgentName": "ALI-PC",
  "PoolId": 1,
  "PoolName": "Default",
  "ServerUrl": "https://pipelinesghubeus6.actions.githubusercontent.com/cPKrgR8Gnsd8oGWV6Gor06BfwQj6erBaQvMiSCSMW4VZSiQ3L5/",
  "GitHubUrl": "https://github.com/MuhammadAbdullahGhani/SCDProjectRepo",
  "WorkFolder": "_work"
}
[2025-05-12 13:40:05Z INFO MessageListener] Loading Credentials
[2025-05-12 13:40:05Z INFO ConfigurationStore] HasCredentials()
[2025-05-12 13:40:05Z INFO ConfigurationStore] stored True
[2025-05-12 13:40:05Z INFO CredentialManager] GetCredentialProvider
[2025-05-12 13:40:05Z INFO CredentialManager] Creating type OAuth
[2025-05-12 13:40:05Z INFO CredentialManager] Creating credential type: OAuth
[2025-05-12 13:40:05Z INFO HostContext] Well known directory 'Bin': 'C:\E\Semester 6\SCD\app\actions-runner\bin'
[2025-05-12 13:40:05Z INFO HostContext] Well known directory 'Root': 'C:\E\Semester 6\SCD\app\actions-runner'
[2025-05-12 13:40:05Z INFO HostContext] Well known config file 'RSACredentials': 'C:\E\Semester 6\SCD\app\actions-runner\.credentials_rsaparams'
[2025-05-12 13:40:05Z INFO RSAEncryptedFileKeyManager] Loading RSA key parameters from file C:\E\Semester 6\SCD\app\actions-runner\.credentials_rsaparams
[2025-05-12 13:40:05Z INFO MessageListener] Attempt to create session.
[2025-05-12 13:40:05Z INFO MessageListener] Connecting to the Runner Server...
[2025-05-12 13:40:05Z INFO RunnerServer] EstablishVssConnection
[2025-05-12 13:40:05Z INFO RunnerServer] Establish connection with 100 seconds timeout.
[2025-05-12 13:40:05Z INFO GitHubActionsService] Starting operation Location.GetConnectionData
[2025-05-12 13:40:05Z INFO RunnerServer] EstablishVssConnection
[2025-05-12 13:40:05Z INFO RunnerServer] Establish connection with 60 seconds timeout.
[2025-05-12 13:40:05Z INFO GitHubActionsService] Starting operation Location.GetConnectionData
[2025-05-12 13:40:05Z INFO RunnerServer] EstablishVssConnection
[2025-05-12 13:40:05Z INFO RunnerServer] Establish connection with 60 seconds timeout.
[2025-05-12 13:40:05Z INFO GitHubActionsService] Starting operation Location.GetConnectionData
[2025-05-12 13:40:07Z INFO GitHubActionsService] Finished operation Location.GetConnectionData
[2025-05-12 13:40:07Z INFO GitHubActionsService] Finished operation Location.GetConnectionData
[2025-05-12 13:40:07Z INFO GitHubActionsService] Finished operation Location.GetConnectionData
[2025-05-12 13:40:07Z INFO MessageListener] VssConnection created
[2025-05-12 13:40:07Z INFO Terminal] WRITE LINE: 
[2025-05-12 13:40:07Z INFO Terminal] WRITE LINE: 
[2025-05-12 13:40:07Z INFO RSAEncryptedFileKeyManager] Loading RSA key parameters from file C:\E\Semester 6\SCD\app\actions-runner\.credentials_rsaparams
[2025-05-12 13:40:07Z INFO RSAEncryptedFileKeyManager] Loading RSA key parameters from file C:\E\Semester 6\SCD\app\actions-runner\.credentials_rsaparams
[2025-05-12 13:40:09Z INFO GitHubActionsService] AAD Correlation ID for this token request: Unknown
[2025-05-12 13:40:09Z INFO MessageListener] Session created.
[2025-05-12 13:40:09Z INFO Terminal] WRITE LINE: Current runner version: '2.308.0'
[2025-05-12 13:40:09Z INFO Terminal] WRITE LINE: 2025-05-12 13:40:09Z: Listening for Jobs
[2025-05-12 13:40:09Z INFO JobDispatcher] Set runner/worker IPC timeout to 30 seconds.
[2025-05-12 13:40:10Z INFO RSAEncryptedFileKeyManager] Loading RSA key parameters from file C:\E\Semester 6\SCD\app\actions-runner\.credentials_rsaparams
[2025-05-12 13:40:11Z INFO MessageListener] Message '1' received from session '2338f4f3-af9e-45f3-9ab7-fece3dd23ee2'.
[2025-05-12 13:40:11Z INFO HostContext] Well known directory 'Bin': 'C:\E\Semester 6\SCD\app\actions-runner\bin'
[2025-05-12 13:40:11Z INFO HostContext] Well known directory 'Root': 'C:\E\Semester 6\SCD\app\actions-runner'
[2025-05-12 13:40:11Z INFO HostContext] Well known directory 'Work': 'C:\E\Semester 6\SCD\app\actions-runner\_work'
[2025-05-12 13:40:11Z INFO HostContext] Well known directory 'Bin': 'C:\E\Semester 6\SCD\app\actions-runner\bin'
[2025-05-12 13:40:11Z INFO HostContext] Well known directory 'Root': 'C:\E\Semester 6\SCD\app\actions-runner'
[2025-05-12 13:40:11Z INFO HostContext] Well known directory 'Work': 'C:\E\Semester 6\SCD\app\actions-runner\_work'
[2025-05-12 13:40:11Z INFO SelfUpdater] Cloning dotnet runtime to C:\E\Semester 6\SCD\app\actions-runner\_work\__dotnet_runtime__
[2025-05-12 13:40:11Z INFO HostContext] Well known directory 'Bin': 'C:\E\Semester 6\SCD\app\actions-runner\bin'
[2025-05-12 13:40:11Z INFO SelfUpdater] Successfully cloned dotnet runtime to C:\E\Semester 6\SCD\app\actions-runner\_work\__dotnet_runtime__. Total files: 222
[2025-05-12 13:40:11Z INFO SelfUpdater] Cloning externals to C:\E\Semester 6\SCD\app\actions-runner\_work\__externals__
[2025-05-12 13:40:11Z INFO HostContext] Well known directory 'Bin': 'C:\E\Semester 6\SCD\app\actions-runner\bin'
[2025-05-12 13:40:11Z INFO HostContext] Well known directory 'Root': 'C:\E\Semester 6\SCD\app\actions-runner'
[2025-05-12 13:40:11Z INFO HostContext] Well known directory 'Externals': 'C:\E\Semester 6\SCD\app\actions-runner\externals'
[2025-05-12 13:40:13Z INFO SelfUpdater] Successfully cloned externals to C:\E\Semester 6\SCD\app\actions-runner\_work\__externals__.
[2025-05-12 13:40:13Z INFO SelfUpdater] Waiting for 2 tasks to complete.
[2025-05-12 13:40:13Z INFO SelfUpdater] Externals clone finished.
[2025-05-12 13:40:13Z INFO SelfUpdater] Calculating hash for C:\E\Semester 6\SCD\app\actions-runner\_work\__externals__
[2025-05-12 13:40:13Z INFO HostContext] Well known directory 'Bin': 'C:\E\Semester 6\SCD\app\actions-runner\bin'
[2025-05-12 13:40:13Z INFO HostContext] Well known directory 'Bin': 'C:\E\Semester 6\SCD\app\actions-runner\bin'
[2025-05-12 13:40:13Z INFO HostContext] Well known directory 'Root': 'C:\E\Semester 6\SCD\app\actions-runner'
[2025-05-12 13:40:13Z INFO HostContext] Well known directory 'Externals': 'C:\E\Semester 6\SCD\app\actions-runner\externals'
[2025-05-12 13:40:13Z INFO ProcessInvokerWrapper] Starting process:
[2025-05-12 13:40:13Z INFO ProcessInvokerWrapper]   File name: 'C:\E\Semester 6\SCD\app\actions-runner\externals\node16\bin\node.exe'
[2025-05-12 13:40:13Z INFO ProcessInvokerWrapper]   Arguments: '"C:\E\Semester 6\SCD\app\actions-runner\bin\hashFiles"'
[2025-05-12 13:40:13Z INFO ProcessInvokerWrapper]   Working directory: 'C:\E\Semester 6\SCD\app\actions-runner\_work\__externals__'
[2025-05-12 13:40:13Z INFO ProcessInvokerWrapper]   Require exit code zero: 'False'
[2025-05-12 13:40:13Z INFO ProcessInvokerWrapper]   Encoding web name:  ; code page: ''
[2025-05-12 13:40:13Z INFO ProcessInvokerWrapper]   Force kill process on cancellation: 'True'
[2025-05-12 13:40:13Z INFO ProcessInvokerWrapper]   Redirected STDIN: 'False'
[2025-05-12 13:40:13Z INFO ProcessInvokerWrapper]   Persist current code page: 'False'
[2025-05-12 13:40:13Z INFO ProcessInvokerWrapper]   Keep redirected STDIN open: 'False'
[2025-05-12 13:40:13Z INFO ProcessInvokerWrapper]   High priority process: 'False'
[2025-05-12 13:40:13Z INFO ProcessInvokerWrapper] Process started with process id 20664, waiting for process exit.
[2025-05-12 13:40:13Z INFO Runner] Refresh message received, kick-off selfupdate background process.
[2025-05-12 13:40:14Z INFO SelfUpdater] Version '2.323.0' of 'agent' package available in server.
[2025-05-12 13:40:14Z INFO SelfUpdater] Current running runner version is 2.308.0
[2025-05-12 13:40:14Z INFO SelfUpdater] An update is available.
[2025-05-12 13:40:14Z INFO Terminal] WRITE LINE: Runner update in progress, do not shutdown runner.
[2025-05-12 13:40:14Z INFO SelfUpdater] CloneDotnetRuntimeTime: 845ms
[2025-05-12 13:40:14Z INFO SelfUpdater] CloneExternalsTime: 1721ms
[2025-05-12 13:40:14Z INFO SelfUpdater] RunnerPlatform: win-x64
[2025-05-12 13:40:14Z INFO Terminal] WRITE LINE: Downloading 2.323.0 runner
[2025-05-12 13:40:14Z INFO ProcessInvokerWrapper] Kill entire process tree since both cancel and terminate signal has been ignored by the target process.
[2025-05-12 13:40:14Z INFO ProcessInvokerWrapper] Scan all processes to find relationship between all processes.
[2025-05-12 13:40:14Z INFO ProcessInvokerWrapper] Find all child processes of process '20664'.
[2025-05-12 13:40:14Z INFO ProcessInvokerWrapper] Need kill all child processes trees before kill process '20664'.
[2025-05-12 13:40:14Z INFO ProcessInvokerWrapper] Child process '19660' needs be killed first.
[2025-05-12 13:40:14Z INFO ProcessInvokerWrapper] Find all child processes of process '19660'.
[2025-05-12 13:40:14Z INFO ProcessInvokerWrapper] Kill process '19660'.
[2025-05-12 13:40:14Z INFO ProcessInvokerWrapper] Kill process '20664'.
[2025-05-12 13:40:14Z INFO ProcessInvokerWrapper] STDOUT/STDERR stream read finished.
[2025-05-12 13:40:14Z INFO ProcessInvokerWrapper] STDOUT/STDERR stream read finished.
[2025-05-12 13:40:14Z INFO ProcessInvokerWrapper] Process Cancellation finished.
[2025-05-12 13:40:14Z INFO ProcessInvokerWrapper] Finished process 20664 with exit code -1, and elapsed time 00:00:01.1685515.
[2025-05-12 13:40:14Z ERR  SelfUpdater] Fail to hash externals content: System.OperationCanceledException: The operation was canceled.
   at System.Threading.CancellationToken.ThrowOperationCanceledException()
   at GitHub.Runner.Sdk.ProcessInvoker.ExecuteAsync(String workingDirectory, String fileName, String arguments, IDictionary`2 environment, Boolean requireExitCodeZero, Encoding outputEncoding, Boolean killProcessOnCancel, Channel`1 redirectStandardIn, Boolean inheritConsoleHandler, Boolean keepStandardInOpen, Boolean highPriorityProcess, CancellationToken cancellationToken)
   at GitHub.Runner.Common.ProcessInvokerWrapper.ExecuteAsync(String workingDirectory, String fileName, String arguments, IDictionary`2 environment, Boolean requireExitCodeZero, Encoding outputEncoding, Boolean killProcessOnCancel, Channel`1 redirectStandardIn, Boolean inheritConsoleHandler, Boolean keepStandardInOpen, Boolean highPriorityProcess, CancellationToken cancellationToken)
   at GitHub.Runner.Listener.SelfUpdater.HashFiles(String fileFolder, CancellationToken token)
   at GitHub.Runner.Listener.SelfUpdater.CloneAndCalculateAssetsHash(String dotnetRuntimeCloneDirectory, String externalsCloneDirectory, CancellationToken token)
[2025-05-12 13:40:14Z INFO SelfUpdater] Still waiting for 1 tasks to complete.
[2025-05-12 13:40:14Z INFO SelfUpdater] Waiting for 1 tasks to complete.
[2025-05-12 13:40:14Z INFO SelfUpdater] Dotnet runtime clone finished.
[2025-05-12 13:40:14Z ERR  SelfUpdater] Skip compute hash since clone dotnet runtime failed/cancelled.
[2025-05-12 13:40:14Z INFO SelfUpdater] Still waiting for 0 tasks to complete.
[2025-05-12 13:40:14Z INFO HostContext] Well known directory 'Bin': 'C:\E\Semester 6\SCD\app\actions-runner\bin'
[2025-05-12 13:40:14Z INFO HostContext] Well known directory 'Root': 'C:\E\Semester 6\SCD\app\actions-runner'
[2025-05-12 13:40:14Z INFO HostContext] Well known directory 'Work': 'C:\E\Semester 6\SCD\app\actions-runner\_work'
[2025-05-12 13:40:14Z INFO SelfUpdater] Attempt 1: save latest runner into C:\E\Semester 6\SCD\app\actions-runner\_work\_update\runner1.zip.
[2025-05-12 13:40:14Z INFO SelfUpdater] Download runner: begin download
[2025-05-12 13:40:14Z INFO SelfUpdater] Downloading https://github.com/actions/runner/releases/download/v2.323.0/actions-runner-win-x64-2.323.0.zip
[2025-05-12 13:47:55Z INFO SelfUpdater] Download runner: finished download
[2025-05-12 13:47:56Z INFO SelfUpdater] Validated Runner Hash matches C:\E\Semester 6\SCD\app\actions-runner\_work\_update\runner1.zip : e8ca92e3b1b907cdcc0c94640f4c5b23f377743993a4a5c859cb74f3e6eb33ef
[2025-05-12 13:47:57Z INFO SelfUpdater] Finished getting latest runner package at: C:\E\Semester 6\SCD\app\actions-runner\_work\_update.
[2025-05-12 13:47:57Z INFO HostContext] Well known directory 'Bin': 'C:\E\Semester 6\SCD\app\actions-runner\bin'
[2025-05-12 13:47:57Z INFO HostContext] Well known directory 'Root': 'C:\E\Semester 6\SCD\app\actions-runner'
[2025-05-12 13:47:57Z INFO SelfUpdater] Copy C:\E\Semester 6\SCD\app\actions-runner\_work\_update\bin to C:\E\Semester 6\SCD\app\actions-runner\bin.2.323.0.
[2025-05-12 13:47:58Z INFO HostContext] Well known directory 'Bin': 'C:\E\Semester 6\SCD\app\actions-runner\bin'
[2025-05-12 13:47:58Z INFO HostContext] Well known directory 'Root': 'C:\E\Semester 6\SCD\app\actions-runner'
[2025-05-12 13:47:58Z INFO SelfUpdater] Copy C:\E\Semester 6\SCD\app\actions-runner\_work\_update\externals to C:\E\Semester 6\SCD\app\actions-runner\externals.2.323.0.
[2025-05-12 13:47:58Z INFO SelfUpdater] Copy any remaining .sh/.cmd files into runner root.
[2025-05-12 13:47:58Z INFO HostContext] Well known directory 'Bin': 'C:\E\Semester 6\SCD\app\actions-runner\bin'
[2025-05-12 13:47:58Z INFO HostContext] Well known directory 'Root': 'C:\E\Semester 6\SCD\app\actions-runner'
[2025-05-12 13:47:58Z INFO SelfUpdater] Copy C:\E\Semester 6\SCD\app\actions-runner\_work\_update\config.cmd to C:\E\Semester 6\SCD\app\actions-runner\config.cmd
[2025-05-12 13:47:58Z INFO HostContext] Well known directory 'Bin': 'C:\E\Semester 6\SCD\app\actions-runner\bin'
[2025-05-12 13:47:58Z INFO HostContext] Well known directory 'Root': 'C:\E\Semester 6\SCD\app\actions-runner'
[2025-05-12 13:47:58Z INFO SelfUpdater] Copy C:\E\Semester 6\SCD\app\actions-runner\_work\_update\run-helper.cmd.template to C:\E\Semester 6\SCD\app\actions-runner\run-helper.cmd.template
[2025-05-12 13:47:58Z INFO HostContext] Well known directory 'Bin': 'C:\E\Semester 6\SCD\app\actions-runner\bin'
[2025-05-12 13:47:58Z INFO HostContext] Well known directory 'Root': 'C:\E\Semester 6\SCD\app\actions-runner'
[2025-05-12 13:47:58Z INFO SelfUpdater] Copy C:\E\Semester 6\SCD\app\actions-runner\_work\_update\run-helper.sh.template to C:\E\Semester 6\SCD\app\actions-runner\run-helper.sh.template
[2025-05-12 13:47:58Z INFO HostContext] Well known directory 'Bin': 'C:\E\Semester 6\SCD\app\actions-runner\bin'
[2025-05-12 13:47:58Z INFO HostContext] Well known directory 'Root': 'C:\E\Semester 6\SCD\app\actions-runner'
[2025-05-12 13:47:58Z INFO SelfUpdater] Copy C:\E\Semester 6\SCD\app\actions-runner\_work\_update\run.cmd to C:\E\Semester 6\SCD\app\actions-runner\run.cmd
[2025-05-12 13:47:58Z INFO SelfUpdater] Download latest runner and unzip into runner root.
[2025-05-12 13:47:58Z INFO Terminal] WRITE LINE: Waiting for current job finish running.
[2025-05-12 13:47:58Z INFO SelfUpdater] DownloadUrl: https://github.com/actions/runner/releases/download/v2.323.0/actions-runner-win-x64-2.323.0.zip
[2025-05-12 13:47:58Z INFO SelfUpdater] RuntimeTrimmed: False
[2025-05-12 13:47:58Z INFO SelfUpdater] ExternalsTrimmed: False
[2025-05-12 13:47:58Z INFO SelfUpdater] PackageDownloadTime: 460544ms
[2025-05-12 13:47:58Z INFO SelfUpdater] Attempts: 1
[2025-05-12 13:47:58Z INFO SelfUpdater] PackageSize: 60MB
[2025-05-12 13:47:58Z INFO SelfUpdater] ValidateHashTime: 744ms
[2025-05-12 13:47:58Z INFO SelfUpdater] PackageExtractTime: 1629ms
[2025-05-12 13:47:58Z INFO SelfUpdater] CopyRunnerToRootTime: 698ms
[2025-05-12 13:47:59Z INFO SelfUpdater] All running job has exited.
[2025-05-12 13:47:59Z INFO HostContext] Well known directory 'Bin': 'C:\E\Semester 6\SCD\app\actions-runner\bin'
[2025-05-12 13:47:59Z INFO HostContext] Well known directory 'Root': 'C:\E\Semester 6\SCD\app\actions-runner'
[2025-05-12 13:47:59Z INFO HostContext] Well known directory 'Bin': 'C:\E\Semester 6\SCD\app\actions-runner\bin'
[2025-05-12 13:47:59Z INFO HostContext] Well known directory 'Root': 'C:\E\Semester 6\SCD\app\actions-runner'
[2025-05-12 13:47:59Z INFO HostContext] Well known directory 'Bin': 'C:\E\Semester 6\SCD\app\actions-runner\bin'
[2025-05-12 13:47:59Z INFO HostContext] Well known directory 'Root': 'C:\E\Semester 6\SCD\app\actions-runner'
[2025-05-12 13:47:59Z INFO SelfUpdater] Delete old version runner backup.
[2025-05-12 13:47:59Z INFO Terminal] WRITE LINE: Generate and execute update script.
[2025-05-12 13:47:59Z INFO SelfUpdater] DeleteRunnerBackupTime: 18ms
[2025-05-12 13:48:00Z INFO HostContext] Well known directory 'Bin': 'C:\E\Semester 6\SCD\app\actions-runner\bin'
[2025-05-12 13:48:00Z INFO HostContext] Well known directory 'Root': 'C:\E\Semester 6\SCD\app\actions-runner'
[2025-05-12 13:48:00Z INFO HostContext] Well known directory 'Diag': 'C:\E\Semester 6\SCD\app\actions-runner\_diag'
[2025-05-12 13:48:00Z INFO HostContext] Well known directory 'Bin': 'C:\E\Semester 6\SCD\app\actions-runner\bin'
[2025-05-12 13:48:00Z INFO HostContext] Well known directory 'Root': 'C:\E\Semester 6\SCD\app\actions-runner'
[2025-05-12 13:48:00Z INFO HostContext] Well known directory 'Bin': 'C:\E\Semester 6\SCD\app\actions-runner\bin'
[2025-05-12 13:48:00Z INFO HostContext] Well known directory 'Root': 'C:\E\Semester 6\SCD\app\actions-runner'
[2025-05-12 13:48:00Z INFO HostContext] Well known directory 'Work': 'C:\E\Semester 6\SCD\app\actions-runner\_work'
[2025-05-12 13:48:00Z INFO SelfUpdater] Generate update script into: C:\E\Semester 6\SCD\app\actions-runner\_work\_update.cmd
[2025-05-12 13:48:00Z INFO SelfUpdater] Which: 'cmd.exe'
[2025-05-12 13:48:00Z INFO SelfUpdater] cmd.exe: command not found. Make sure 'cmd.exe' is installed and its location included in the 'Path' environment variable.
[2025-05-12 13:48:00Z INFO Terminal] WRITE LINE: Runner update process finished.
[2025-05-12 13:48:00Z INFO SelfUpdater] System.InvalidOperationException: Cannot start process because a file name has not been provided.
   at System.Diagnostics.Process.Start()
   at GitHub.Runner.Listener.SelfUpdater.SelfUpdate(AgentRefreshMessage updateMessage, IJobDispatcher jobDispatcher, Boolean restartInteractiveRunner, CancellationToken token)
[2025-05-12 13:48:00Z INFO JobDispatcher] Shutting down JobDispatcher. Make sure all WorkerDispatcher has finished.
[2025-05-12 13:48:01Z ERR  Terminal] WRITE ERROR: An error occurred: Cannot start process because a file name has not been provided.
[2025-05-12 13:48:01Z ERR  Listener] System.InvalidOperationException: Cannot start process because a file name has not been provided.
   at System.Diagnostics.Process.Start()
   at GitHub.Runner.Listener.SelfUpdater.SelfUpdate(AgentRefreshMessage updateMessage, IJobDispatcher jobDispatcher, Boolean restartInteractiveRunner, CancellationToken token)
   at GitHub.Runner.Listener.SelfUpdater.SelfUpdate(AgentRefreshMessage updateMessage, IJobDispatcher jobDispatcher, Boolean restartInteractiveRunner, CancellationToken token)
   at GitHub.Runner.Listener.Runner.RunAsync(RunnerSettings settings, Boolean runOnce)
   at GitHub.Runner.Listener.Runner.RunAsync(RunnerSettings settings, Boolean runOnce)
   at GitHub.Runner.Listener.Runner.RunAsync(RunnerSettings settings, Boolean runOnce)
   at GitHub.Runner.Listener.Runner.ExecuteCommand(CommandSettings command)
   at GitHub.Runner.Listener.Program.MainAsync(IHostContext context, String[] args)
